


ARM Macro Assembler    Page 1 


    1 00000000         ;****************** main.s ***************
    2 00000000         ; Program written by: ***Your Names**update this***
    3 00000000         ; Date Created: 1/22/2016 
    4 00000000         ; Last Modified: 1/22/2016 
    5 00000000         ; Section ***Tuesday 1-2***update this***
    6 00000000         ; Instructor: ***Ramesh Yerraballi**update this***
    7 00000000         ; Lab number: 4
    8 00000000         ; Brief description of the program
    9 00000000         ;   If the switch is presses, the LED toggles at 8 Hz
   10 00000000         ; Hardware connections
   11 00000000         ;  PE1 is switch input  (1 means pressed, 0 means not pr
                       essed)
   12 00000000         ;  PE0 is LED output (1 activates external LED on protob
                       oard) 
   13 00000000         ;Overall functionality of this system is the similar to 
                       Lab 3, with three changes:
   14 00000000         ;1-  initialize SysTick with RELOAD 0x00FFFFFF 
   15 00000000         ;2-  add a heartbeat to PF2 that toggles every time thro
                       ugh loop 
   16 00000000         ;3-  add debugging dump of input, output, and time
   17 00000000         ; Operation
   18 00000000         ; 1) Make PE0 an output and make PE1 an input. 
   19 00000000         ; 2) The system starts with the LED on (make PE0 =1). 
   20 00000000         ;   3) Wait about 62 ms
   21 00000000         ;   4) If the switch is pressed (PE1 is 1), then toggle 
                       the LED once, else turn the LED on. 
   22 00000000         ;   5) Steps 3 and 4 are repeated over and over
   23 00000000         
   24 00000000         
   25 00000000 40024008 
                       SWITCH  EQU              0x40024008  ;PE1
   26 00000000 40024004 
                       LED     EQU              0x40024004  ;PE0
   27 00000000 400FE608 
                       SYSCTL_RCGCGPIO_R
                               EQU              0x400FE608
   28 00000000 00000010 
                       SYSCTL_RCGC2_GPIOE
                               EQU              0x00000010  ; port E Clock Gati
                                                            ng Control
   29 00000000 00000020 
                       SYSCTL_RCGC2_GPIOF
                               EQU              0x00000020  ; port F Clock Gati
                                                            ng Control
   30 00000000 400243FC 
                       GPIO_PORTE_DATA_R
                               EQU              0x400243FC
   31 00000000 40024400 
                       GPIO_PORTE_DIR_R
                               EQU              0x40024400
   32 00000000 40024420 
                       GPIO_PORTE_AFSEL_R
                               EQU              0x40024420
   33 00000000 40024510 
                       GPIO_PORTE_PUR_R
                               EQU              0x40024510
   34 00000000 4002451C 
                       GPIO_PORTE_DEN_R
                               EQU              0x4002451C



ARM Macro Assembler    Page 2 


   35 00000000 400253FC 
                       GPIO_PORTF_DATA_R
                               EQU              0x400253FC
   36 00000000 40025400 
                       GPIO_PORTF_DIR_R
                               EQU              0x40025400
   37 00000000 40025420 
                       GPIO_PORTF_AFSEL_R
                               EQU              0x40025420
   38 00000000 4002551C 
                       GPIO_PORTF_DEN_R
                               EQU              0x4002551C
   39 00000000 E000E010 
                       NVIC_ST_CTRL_R
                               EQU              0xE000E010
   40 00000000 E000E014 
                       NVIC_ST_RELOAD_R
                               EQU              0xE000E014
   41 00000000 E000E018 
                       NVIC_ST_CURRENT_R
                               EQU              0xE000E018
   42 00000000 00FFFFFF 
                       NVIC_ST_RELOAD_M
                               EQU              0x00FFFFFF  ; Counter load valu
                                                            ere
   43 00000000 20000010 
                       STORE_R0
                               EQU              0x20000010  ; for storing regis
                                                            ter values in subro
                                                            utines
   44 00000000 20000020 
                       STORE_R1
                               EQU              0X20000020
   45 00000000 20000030 
                       STORE_R2
                               EQU              0X20000030
   46 00000000 20000040 
                       STORE_R3
                               EQU              0X20000040
   47 00000000                 THUMB
   48 00000000                 AREA             DATA, ALIGN=4
   49 00000000 00000032 
                       SIZE    EQU              50
   50 00000000         ;You MUST use these two buffers and two variables
   51 00000000         ;You MUST not change their names
   52 00000000         ;These names MUST be exported
   53 00000000                 EXPORT           DataBuffer
   54 00000000                 EXPORT           TimeBuffer
   55 00000000                 EXPORT           DataPt [DATA,SIZE=4]
   56 00000000                 EXPORT           TimePt [DATA,SIZE=4]
   57 00000000 00 00 00 
              00 00 00 
              00 00 00 
              00 00 00 
              00 00 00 
              00 00 00 
              00 00 00 
              00 00 00 
              00 00 00 



ARM Macro Assembler    Page 3 


              00 00 00 
              00 00 00 
              00 00 00 
              00 00 00 
              00 00 00 
              00 00 00 
              00 00 00 
              00 00 00 
              00 00 00 
              00 00 00 
              00 00 00 
              00 00 00 
              00 00 00 
              00 00 00 
              00 00 00 
              00 00 00 
              00 00 00 
              00 00 00 
              00 00 00 
              00 00 00 
              00 00 00 
              00 00 00 
              00 00 00 
              00 00 00 
              00 00 00 
              00 00 00 
              00 00 00 
              00 00 00 
              00 00 00 
              00 00 00 
              00 00 00 
              00 00 00 
              00 00 00 
              00 00 00 
              00 00 00 
              00 00 00 
              00 00 00 
              00 00 00 
              00 00 00 
              00 00 00 
              00 00 00 
              00 00 00 
              00 00 00 
              00 00 00 
              00 00 00 
              00 00 00 
              00 00 00 
              00 00 00 
              00 00 00 
              00 00 00 
              00 00 00 
              00 00 00 
              00 00 00 
              00 00 00 
              00 00 00 
              00 00 00 
              00 00 00 
              00 00    DataBuffer
                               SPACE            SIZE*4



ARM Macro Assembler    Page 4 


   58 000000C8 00 00 00 
              00 00 00 
              00 00 00 
              00 00 00 
              00 00 00 
              00 00 00 
              00 00 00 
              00 00 00 
              00 00 00 
              00 00 00 
              00 00 00 
              00 00 00 
              00 00 00 
              00 00 00 
              00 00 00 
              00 00 00 
              00 00 00 
              00 00 00 
              00 00 00 
              00 00 00 
              00 00 00 
              00 00 00 
              00 00 00 
              00 00 00 
              00 00 00 
              00 00 00 
              00 00 00 
              00 00 00 
              00 00 00 
              00 00 00 
              00 00 00 
              00 00 00 
              00 00 00 
              00 00 00 
              00 00 00 
              00 00 00 
              00 00 00 
              00 00 00 
              00 00 00 
              00 00 00 
              00 00 00 
              00 00 00 
              00 00 00 
              00 00 00 
              00 00 00 
              00 00 00 
              00 00 00 
              00 00 00 
              00 00 00 
              00 00 00 
              00 00 00 
              00 00 00 
              00 00 00 
              00 00 00 
              00 00 00 
              00 00 00 
              00 00 00 
              00 00 00 
              00 00 00 



ARM Macro Assembler    Page 5 


              00 00 00 
              00 00 00 
              00 00 00 
              00 00 00 
              00 00 00 
              00 00 00 
              00 00 00 
              00 00    TimeBuffer
                               SPACE            SIZE*4
   59 00000190 00 00 00 
              00       DataPt  SPACE            4
   60 00000194 00 00 00 
              00       TimePt  SPACE            4
   61 00000198         
   62 00000198         
   63 00000198                 ALIGN
   64 00000198                 AREA             |.text|, CODE, READONLY, ALIGN=
2
   65 00000000                 THUMB
   66 00000000                 EXPORT           Start
   67 00000000                 IMPORT           TExaS_Init
   68 00000000                 IMPORT           SysTick_Init
   69 00000000         
   70 00000000         
   71 00000000 F7FF FFFE 
                       Start   BL               TExaS_Init  ; running at 80 MHz
                                                            , scope voltmeter o
                                                            n PD3
   72 00000004         
   73 00000004 4858            LDR              R0, =SYSCTL_RCGCGPIO_R ;  enabl
                                                            e clock for Ports E
                                                             and F
   74 00000006 6801            LDR              R1, [R0]
   75 00000008 F041 0130       ORR              R1, R1, #0x30
   76 0000000C 6001            STR              R1, [R0]
   77 0000000E BF00            NOP
   78 00000010 BF00            NOP
   79 00000012         
   80 00000012         ;initialize Port E
   81 00000012 4856            LDR              R0, =GPIO_PORTE_DIR_R ; set PE0
                                                             to output and PE1 
                                                            to input
   82 00000014 6801            LDR              R1, [R0]
   83 00000016 F021 0102       BIC              R1, #0x2
   84 0000001A F041 0101       ORR              R1, #0x1
   85 0000001E 6001            STR              R1, [R0]
   86 00000020         
   87 00000020 4853            LDR              R0, =GPIO_PORTE_DEN_R ; enable 
                                                            digital for all pin
                                                            s being used
   88 00000022 6801            LDR              R1, [R0]
   89 00000024 F041 0103       ORR              R1, #0x3
   90 00000028 6001            STR              R1, [R0]
   91 0000002A         
   92 0000002A         ; initialize Port F
   93 0000002A 4852            LDR              R0, =GPIO_PORTF_DIR_R 
                                                            ; set PF2 to output
                                                            
   94 0000002C 6801            LDR              R1, [R0]



ARM Macro Assembler    Page 6 


   95 0000002E F041 0104       ORR              R1, #0x4
   96 00000032 6001            STR              R1, [R0]
   97 00000034         
   98 00000034 4850            LDR              R0, =GPIO_PORTF_DEN_R ; enable 
                                                            digital for all pin
                                                            s being used
   99 00000036 6801            LDR              R1, [R0]
  100 00000038 F041 0104       ORR              R1, #0x4
  101 0000003C 6001            STR              R1, [R0]
  102 0000003E         
  103 0000003E B662            CPSIE            I           ; TExaS voltmeter, 
                                                            scope runs on inter
                                                            rupts
  104 00000040         
  105 00000040 484E            LDR              R0, =GPIO_PORTE_DATA_R 
                                                            ; turning LED on
  106 00000042 6801            LDR              R1, [R0]
  107 00000044 F041 0101       ORR              R1, #0x1
  108 00000048 6001            STR              R1, [R0]
  109 0000004A         
  110 0000004A F000 F81B       BL               Debug_Init  ; initialize debugg
                                                            ing dump, including
                                                             SysTick
  111 0000004E         
  112 0000004E F000 F854 
                       loop    BL               Debug_Capture
  113 00000052 484B    hbeat   LDR              R0, =GPIO_PORTF_DATA_R 
                                                            ; heartbeat
  114 00000054 6801            LDR              R1, [R0]
  115 00000056 F081 0104       EOR              R1, #0x4
  116 0000005A 6001            STR              R1, [R0]
  117 0000005C         
  118 0000005C         ; Delay 
  119 0000005C F44F 73BA 
                       loop1   MOV              R3, #372    ; creating timer wi
                                                            th SUBS operation, 
                                                            maybe 413 here?
  120 00000060 F44F 627A 
                       more1   MOV              R2, #4000
  121 00000064 1E52    again1  SUBS             R2, R2, #1
  122 00000066 D1FD            BNE              again1
  123 00000068 1E5B            SUBS             R3, R3, #1
  124 0000006A D1F9            BNE              more1
  125 0000006C         
  126 0000006C         ;poll switch and toggle if needed
  127 0000006C 4843            LDR              R0, =GPIO_PORTE_DATA_R
  128 0000006E 6801            LDR              R1, [R0]
  129 00000070 2902            CMP              R1, #0x2
  130 00000072 D203            BHS              toggle
  131 00000074 F041 0101       ORR              R1, #1
  132 00000078 6001            STR              R1, [R0]
  133 0000007A E7E8            B                loop
  134 0000007C F081 0101 
                       toggle  EOR              R1, #1
  135 00000080 6001            STR              R1, [R0]
  136 00000082 E7E4            B                loop
  137 00000084         
  138 00000084         
  139 00000084         ;------------Debug_Init------------



ARM Macro Assembler    Page 7 


  140 00000084         ; Initializes the debugging instrument
  141 00000084         ; Input: none
  142 00000084         ; Output: none
  143 00000084         ; Modifies: none
  144 00000084         ; Note: push/pop an even number of registers so C compil
                       er is happy
  145 00000084         Debug_Init
  146 00000084 4C3F            LDR              R4, =STORE_R0 ; store register 
                                                            values in memory
  147 00000086 6020            STR              R0, [R4]
  148 00000088 F8C4 1001       STR              R1, [R4, #1]
  149 0000008C F8C4 2002       STR              R2, [R4, #2]
  150 00000090 F8C4 3003       STR              R3, [R4, #3]
  151 00000094         
  152 00000094 483C            LDR              R0, =DataPt ; initialize data
  153 00000096 493D            LDR              R1, =DataBuffer
  154 00000098 6001            STR              R1, [R0]
  155 0000009A F04F 0300       MOV              R3, #0
  156 0000009E F04F 32FF 
                       clear1  MOV              R2, #0xFFFFFFFF
  157 000000A2 4839            LDR              R0, =DataPt
  158 000000A4 6801            LDR              R1, [R0]
  159 000000A6 600A            STR              R2, [R1]
  160 000000A8 F101 0104       ADD              R1, #4
  161 000000AC 6001            STR              R1, [R0]
  162 000000AE F103 0301       ADD              R3, #1
  163 000000B2 2B32            CMP              R3, #50
  164 000000B4 D1F3            BNE              clear1
  165 000000B6 4834            LDR              R0, =DataPt
  166 000000B8 4934            LDR              R1, =DataBuffer
  167 000000BA 6001            STR              R1, [R0]
  168 000000BC         
  169 000000BC 4834            LDR              R0, =TimePt ; initialize time
  170 000000BE 4935            LDR              R1, =TimeBuffer
  171 000000C0 6001            STR              R1, [R0]
  172 000000C2 F04F 0300       MOV              R3, #0
  173 000000C6 F04F 32FF 
                       clear2  MOV              R2, #0xFFFFFFFF
  174 000000CA 4831            LDR              R0, =TimePt
  175 000000CC 6801            LDR              R1, [R0]
  176 000000CE 600A            STR              R2, [R1]
  177 000000D0 F101 0104       ADD              R1, #4
  178 000000D4 6001            STR              R1, [R0]
  179 000000D6 F103 0301       ADD              R3, #1
  180 000000DA 2B32            CMP              R3, #50
  181 000000DC D1F3            BNE              clear2
  182 000000DE 482C            LDR              R0, =TimePt
  183 000000E0 492C            LDR              R1, =TimeBuffer
  184 000000E2 6001            STR              R1, [R0]
  185 000000E4         
  186 000000E4 F7FF BFFE       B                SysTick_Init ; init SysTick
  187 000000E8         
  188 000000E8 4C26            LDR              R4, =STORE_R0 
                                                            ; restore registers
                                                            
  189 000000EA 6820            LDR              R0, [R4]
  190 000000EC F8D4 1001       LDR              R1, [R4, #1]
  191 000000F0 F8D4 2002       LDR              R2, [R4, #2]
  192 000000F4 F8D4 3003       LDR              R3, [R4, #3]



ARM Macro Assembler    Page 8 


  193 000000F8         
  194 000000F8 4770            BX               LR
  195 000000FA         
  196 000000FA         ;------------Debug_Capture------------
  197 000000FA         ; Dump Port E and time into buffers
  198 000000FA         ; Input: none
  199 000000FA         ; Output: none
  200 000000FA         ; Modifies: none
  201 000000FA         ; Note: push/pop an even number of registers so C compil
                       er is happy
  202 000000FA         Debug_Capture
  203 000000FA 4C22            LDR              R4, =STORE_R0 ; store register 
                                                            values in memory
  204 000000FC 6020            STR              R0, [R4]
  205 000000FE F8C4 1001       STR              R1, [R4, #1]
  206 00000102 F8C4 2002       STR              R2, [R4, #2]
  207 00000106 F8C4 3003       STR              R3, [R4, #3]
  208 0000010A         
  209 0000010A 481F            LDR              R0, =DataPt ; check if buffers 
                                                            are full
  210 0000010C 6800            LDR              R0, [R0]
  211 0000010E 491F            LDR              R1, =DataBuffer
  212 00000110 F101 01C8       ADD              R1, #200
  213 00000114 4281            CMP              R1, R0
  214 00000116 D91E            BLS              exit
  215 00000118 481D            LDR              R0, =TimePt
  216 0000011A 6800            LDR              R0, [R0]
  217 0000011C 491D            LDR              R1, =TimeBuffer
  218 0000011E F101 01C8       ADD              R1, #200
  219 00000122 4281            CMP              R1, R0
  220 00000124 D917            BLS              exit
  221 00000126         
  222 00000126 4815            LDR              R0, =GPIO_PORTE_DATA_R
  223 00000128 6800            LDR              R0, [R0]
  224 0000012A F000 0101       AND              R1, R0, #0x1 ; mask all but bit
                                                             0
  225 0000012E F000 0202       AND              R2, R0, #0x2 ; mask all but bit
                                                             1
  226 00000132 EA4F 02C2       LSL              R2, R2, #3  ; shift bit 1 over 
                                                            to bit 4
  227 00000136 EB01 0002       ADD              R0, R1, R2  ; add bit 0 and new
                                                             bit 4
  228 0000013A 4913            LDR              R1, =DataPt
  229 0000013C 680A            LDR              R2, [R1]
  230 0000013E 6010            STR              R0, [R2]    ; store data into c
                                                            urrent memory locat
                                                            ion in buffer
  231 00000140 F102 0204       ADD              R2, #4      ; increment pointer
                                                            
  232 00000144 600A            STR              R2, [R1]    ; store new pointer
                                                             value
  233 00000146         
  234 00000146 4814            LDR              R0, =NVIC_ST_CURRENT_R
  235 00000148 6800            LDR              R0,[R0]
  236 0000014A 4911            LDR              R1, =TimePt
  237 0000014C 680A            LDR              R2, [R1]
  238 0000014E 6010            STR              R0, [R2]
  239 00000150 F102 0204       ADD              R2, #4
  240 00000154 600A            STR              R2, [R1]



ARM Macro Assembler    Page 9 


  241 00000156         
  242 00000156 4C0B    exit    LDR              R4, =STORE_R0 
                                                            ; restore registers
                                                            
  243 00000158 6820            LDR              R0, [R4]
  244 0000015A F8D4 1001       LDR              R1, [R4, #1]
  245 0000015E F8D4 2002       LDR              R2, [R4, #2]
  246 00000162 F8D4 3003       LDR              R3, [R4, #3]
  247 00000166         
  248 00000166 4770            BX               LR
  249 00000168         
  250 00000168         
  251 00000168                 ALIGN                        ; make sure the end
                                                             of this section is
                                                             aligned
  252 00000168                 END                          ; end of file
              400FE608 
              40024400 
              4002451C 
              40025400 
              4002551C 
              400243FC 
              400253FC 
              20000010 
              00000000 
              00000000 
              00000000 
              00000000 
              E000E018 
Command Line: --debug --xref --cpu=Cortex-M4 --apcs=interwork --depend=.\main.d
 -o.\main.o -IC:\Keil\ARM\RV31\INC -IC:\Keil\ARM\CMSIS\Include -IC:\Keil\ARM\In
c\Luminary --list=.\main.lst main.s



ARM Macro Assembler    Page 1 Alphabetic symbol ordering
Relocatable symbols

DATA 00000000

Symbol: DATA
   Definitions
      At line 48 in file main.s
   Uses
      None
Comment: DATA unused
DataBuffer 00000000

Symbol: DataBuffer
   Definitions
      At line 57 in file main.s
   Uses
      At line 53 in file main.s
      At line 153 in file main.s
      At line 166 in file main.s
      At line 211 in file main.s

DataPt 00000190

Symbol: DataPt
   Definitions
      At line 59 in file main.s
   Uses
      At line 55 in file main.s
      At line 152 in file main.s
      At line 157 in file main.s
      At line 165 in file main.s
      At line 209 in file main.s
      At line 228 in file main.s

TimeBuffer 000000C8

Symbol: TimeBuffer
   Definitions
      At line 58 in file main.s
   Uses
      At line 54 in file main.s
      At line 170 in file main.s
      At line 183 in file main.s
      At line 217 in file main.s

TimePt 00000194

Symbol: TimePt
   Definitions
      At line 60 in file main.s
   Uses
      At line 56 in file main.s
      At line 169 in file main.s
      At line 174 in file main.s
      At line 182 in file main.s
      At line 215 in file main.s
      At line 236 in file main.s

5 symbols



ARM Macro Assembler    Page 1 Alphabetic symbol ordering
Relocatable symbols

.text 00000000

Symbol: .text
   Definitions
      At line 64 in file main.s
   Uses
      None
Comment: .text unused
Debug_Capture 000000FA

Symbol: Debug_Capture
   Definitions
      At line 202 in file main.s
   Uses
      At line 112 in file main.s
Comment: Debug_Capture used once
Debug_Init 00000084

Symbol: Debug_Init
   Definitions
      At line 145 in file main.s
   Uses
      At line 110 in file main.s
Comment: Debug_Init used once
Start 00000000

Symbol: Start
   Definitions
      At line 71 in file main.s
   Uses
      At line 66 in file main.s
Comment: Start used once
again1 00000064

Symbol: again1
   Definitions
      At line 121 in file main.s
   Uses
      At line 122 in file main.s
Comment: again1 used once
clear1 0000009E

Symbol: clear1
   Definitions
      At line 156 in file main.s
   Uses
      At line 164 in file main.s
Comment: clear1 used once
clear2 000000C6

Symbol: clear2
   Definitions
      At line 173 in file main.s
   Uses
      At line 181 in file main.s
Comment: clear2 used once
exit 00000156

Symbol: exit



ARM Macro Assembler    Page 2 Alphabetic symbol ordering
Relocatable symbols

   Definitions
      At line 242 in file main.s
   Uses
      At line 214 in file main.s
      At line 220 in file main.s

hbeat 00000052

Symbol: hbeat
   Definitions
      At line 113 in file main.s
   Uses
      None
Comment: hbeat unused
loop 0000004E

Symbol: loop
   Definitions
      At line 112 in file main.s
   Uses
      At line 133 in file main.s
      At line 136 in file main.s

loop1 0000005C

Symbol: loop1
   Definitions
      At line 119 in file main.s
   Uses
      None
Comment: loop1 unused
more1 00000060

Symbol: more1
   Definitions
      At line 120 in file main.s
   Uses
      At line 124 in file main.s
Comment: more1 used once
toggle 0000007C

Symbol: toggle
   Definitions
      At line 134 in file main.s
   Uses
      At line 130 in file main.s
Comment: toggle used once
13 symbols



ARM Macro Assembler    Page 1 Alphabetic symbol ordering
Absolute symbols

GPIO_PORTE_AFSEL_R 40024420

Symbol: GPIO_PORTE_AFSEL_R
   Definitions
      At line 32 in file main.s
   Uses
      None
Comment: GPIO_PORTE_AFSEL_R unused
GPIO_PORTE_DATA_R 400243FC

Symbol: GPIO_PORTE_DATA_R
   Definitions
      At line 30 in file main.s
   Uses
      At line 105 in file main.s
      At line 127 in file main.s
      At line 222 in file main.s

GPIO_PORTE_DEN_R 4002451C

Symbol: GPIO_PORTE_DEN_R
   Definitions
      At line 34 in file main.s
   Uses
      At line 87 in file main.s
Comment: GPIO_PORTE_DEN_R used once
GPIO_PORTE_DIR_R 40024400

Symbol: GPIO_PORTE_DIR_R
   Definitions
      At line 31 in file main.s
   Uses
      At line 81 in file main.s
Comment: GPIO_PORTE_DIR_R used once
GPIO_PORTE_PUR_R 40024510

Symbol: GPIO_PORTE_PUR_R
   Definitions
      At line 33 in file main.s
   Uses
      None
Comment: GPIO_PORTE_PUR_R unused
GPIO_PORTF_AFSEL_R 40025420

Symbol: GPIO_PORTF_AFSEL_R
   Definitions
      At line 37 in file main.s
   Uses
      None
Comment: GPIO_PORTF_AFSEL_R unused
GPIO_PORTF_DATA_R 400253FC

Symbol: GPIO_PORTF_DATA_R
   Definitions
      At line 35 in file main.s
   Uses
      At line 113 in file main.s
Comment: GPIO_PORTF_DATA_R used once
GPIO_PORTF_DEN_R 4002551C



ARM Macro Assembler    Page 2 Alphabetic symbol ordering
Absolute symbols


Symbol: GPIO_PORTF_DEN_R
   Definitions
      At line 38 in file main.s
   Uses
      At line 98 in file main.s
Comment: GPIO_PORTF_DEN_R used once
GPIO_PORTF_DIR_R 40025400

Symbol: GPIO_PORTF_DIR_R
   Definitions
      At line 36 in file main.s
   Uses
      At line 93 in file main.s
Comment: GPIO_PORTF_DIR_R used once
LED 40024004

Symbol: LED
   Definitions
      At line 26 in file main.s
   Uses
      None
Comment: LED unused
NVIC_ST_CTRL_R E000E010

Symbol: NVIC_ST_CTRL_R
   Definitions
      At line 39 in file main.s
   Uses
      None
Comment: NVIC_ST_CTRL_R unused
NVIC_ST_CURRENT_R E000E018

Symbol: NVIC_ST_CURRENT_R
   Definitions
      At line 41 in file main.s
   Uses
      At line 234 in file main.s
Comment: NVIC_ST_CURRENT_R used once
NVIC_ST_RELOAD_M 00FFFFFF

Symbol: NVIC_ST_RELOAD_M
   Definitions
      At line 42 in file main.s
   Uses
      None
Comment: NVIC_ST_RELOAD_M unused
NVIC_ST_RELOAD_R E000E014

Symbol: NVIC_ST_RELOAD_R
   Definitions
      At line 40 in file main.s
   Uses
      None
Comment: NVIC_ST_RELOAD_R unused
SIZE 00000032

Symbol: SIZE
   Definitions



ARM Macro Assembler    Page 3 Alphabetic symbol ordering
Absolute symbols

      At line 49 in file main.s
   Uses
      At line 57 in file main.s
      At line 58 in file main.s

STORE_R0 20000010

Symbol: STORE_R0
   Definitions
      At line 43 in file main.s
   Uses
      At line 146 in file main.s
      At line 188 in file main.s
      At line 203 in file main.s
      At line 242 in file main.s

STORE_R1 20000020

Symbol: STORE_R1
   Definitions
      At line 44 in file main.s
   Uses
      None
Comment: STORE_R1 unused
STORE_R2 20000030

Symbol: STORE_R2
   Definitions
      At line 45 in file main.s
   Uses
      None
Comment: STORE_R2 unused
STORE_R3 20000040

Symbol: STORE_R3
   Definitions
      At line 46 in file main.s
   Uses
      None
Comment: STORE_R3 unused
SWITCH 40024008

Symbol: SWITCH
   Definitions
      At line 25 in file main.s
   Uses
      None
Comment: SWITCH unused
SYSCTL_RCGC2_GPIOE 00000010

Symbol: SYSCTL_RCGC2_GPIOE
   Definitions
      At line 28 in file main.s
   Uses
      None
Comment: SYSCTL_RCGC2_GPIOE unused
SYSCTL_RCGC2_GPIOF 00000020

Symbol: SYSCTL_RCGC2_GPIOF



ARM Macro Assembler    Page 4 Alphabetic symbol ordering
Absolute symbols

   Definitions
      At line 29 in file main.s
   Uses
      None
Comment: SYSCTL_RCGC2_GPIOF unused
SYSCTL_RCGCGPIO_R 400FE608

Symbol: SYSCTL_RCGCGPIO_R
   Definitions
      At line 27 in file main.s
   Uses
      At line 73 in file main.s
Comment: SYSCTL_RCGCGPIO_R used once
23 symbols



ARM Macro Assembler    Page 1 Alphabetic symbol ordering
External symbols

SysTick_Init 00000000

Symbol: SysTick_Init
   Definitions
      At line 68 in file main.s
   Uses
      At line 186 in file main.s
Comment: SysTick_Init used once
TExaS_Init 00000000

Symbol: TExaS_Init
   Definitions
      At line 67 in file main.s
   Uses
      At line 71 in file main.s
Comment: TExaS_Init used once
2 symbols
375 symbols in table
