


ARM Macro Assembler    Page 1 


    1 00000000         ;****************** main.s ***************
    2 00000000         ; Program written by: ***Your Names**update this***
    3 00000000         ; Date Created: 1/22/2016 *****
    4 00000000         ; Last Modified: 1/22/2016 *******
    5 00000000         ; Section: Tuesday 3-4
    6 00000000         ; Instructor: Vijay Janapa Reddi
    7 00000000         ; Lab number: 2
    8 00000000         ; Brief description of the program
    9 00000000         ; The overall objective of this system an interactive al
                       arm
   10 00000000         ; Hardware connections
   11 00000000         ;  PF4 is switch input  (1 means SW1 is not pressed, 0 m
                       eans SW1 is pressed)
   12 00000000         ;  PF3 is LED output (1 activates green LED) 
   13 00000000         ; The specific operation of this system 
   14 00000000         ;    1) Make PF3 an output and make PF4 an input (enable
                        PUR for PF4). 
   15 00000000         ;    2) The system starts with the LED OFF (make PF3 =0)
                       . 
   16 00000000         ;    3) Delay for about 100 ms
   17 00000000         ;    4) If the switch is pressed (PF4 is 0), then toggle
                        the LED once, else turn the LED OFF. 
   18 00000000         ;    5) Repeat steps 3 and 4 over and over
   19 00000000         
   20 00000000 400253FC 
                       GPIO_PORTF_DATA_R
                               EQU              0x400253FC
   21 00000000 40025400 
                       GPIO_PORTF_DIR_R
                               EQU              0x40025400
   22 00000000 40025420 
                       GPIO_PORTF_AFSEL_R
                               EQU              0x40025420
   23 00000000 40025510 
                       GPIO_PORTF_PUR_R
                               EQU              0x40025510
   24 00000000 4002551C 
                       GPIO_PORTF_DEN_R
                               EQU              0x4002551C
   25 00000000 40025528 
                       GPIO_PORTF_AMSEL_R
                               EQU              0x40025528
   26 00000000 4002552C 
                       GPIO_PORTF_PCTL_R
                               EQU              0x4002552C
   27 00000000 400FE608 
                       SYSCTL_RCGCGPIO_R
                               EQU              0x400FE608
   28 00000000         
   29 00000000                 AREA             |.text|, CODE, READONLY, ALIGN=
2
   30 00000000                 THUMB
   31 00000000                 EXPORT           Start
   32 00000000         Start
   33 00000000 4817            LDR              R0, =SYSCTL_RCGCGPIO_R 
                                                            ;  enable clock
   34 00000002 6801            LDR              R1, [R0]
   35 00000004 F041 0120       ORR              R1, R1, #0x20
   36 00000008 6001            STR              R1, [R0]



ARM Macro Assembler    Page 2 


   37 0000000A BF00            NOP
   38 0000000C BF00            NOP
   39 0000000E         
   40 0000000E 4815            LDR              R0, =GPIO_PORTF_PUR_R
   41 00000010 6801            LDR              R1, [R0]
   42 00000012 F041 0110       ORR              R1, #0x10   ; enabling PUR on P
                                                            F4
   43 00000016 6001            STR              R1, [R0]
   44 00000018         
   45 00000018 4813            LDR              R0, =GPIO_PORTF_DIR_R ; set PE3
                                                             to output and othe
                                                            rs to input
   46 0000001A 6801            LDR              R1, [R0]
   47 0000001C F041 0108       ORR              R1, #0x8
   48 00000020 F001 01EF       AND              R1, #0xEF
   49 00000024 6001            STR              R1, [R0]
   50 00000026         
   51 00000026 4811            LDR              R0, =GPIO_PORTF_DEN_R ; enable 
                                                            digital for all pin
                                                            s being used
   52 00000028 6801            LDR              R1, [R0]
   53 0000002A F041 0118       ORR              R1, #0x18
   54 0000002E         
   55 0000002E 6001            STR              R1, [R0]
   56 00000030         
   57 00000030         
   58 00000030         loop
   59 00000030 480F    poll    LDR              R0, =GPIO_PORTF_DATA_R
   60 00000032 6801            LDR              R1, [R0]
   61 00000034 290F            CMP              R1, #0xF    ; determining if th
                                                            e switch is being p
                                                            ressed
   62 00000036 D505            BPL              clear
   63 00000038 F081 0108       EOR              R1, #0x8
   64 0000003C 6001            STR              R1, [R0]
   65 0000003E F000 F805       BL               delay       ; goes to delay sub
                                                            routine if switch i
                                                            s pressed
   66 00000042         
   67 00000042 E7F5            B                poll
   68 00000044 F021 0108 
                       clear   BIC              R1, #0x8    ; clears output (tu
                                                            rns LED off) if the
                                                             button is not bein
                                                            g pressed
   69 00000048 6001            STR              R1, [R0]
   70 0000004A E7F1            B                poll
   71 0000004C         
   72 0000004C F04F 0364 
                       delay   MOV              R3, #100    ; creating timer wi
                                                            th SUBS operation
   73 00000050 F44F 627A 
                       more    MOV              R2, #4000
   74 00000054 1E52    again   SUBS             R2, R2, #1
   75 00000056 D1FD            BNE              again
   76 00000058 1E5B            SUBS             R3, R3, #1
   77 0000005A D1F9            BNE              more
   78 0000005C 4770            BX               LR          ;
   79 0000005E         



ARM Macro Assembler    Page 3 


   80 0000005E E7E7            B                loop
   81 00000060         
   82 00000060         
   83 00000060                 ALIGN                        ; make sure the end
                                                             of this section is
                                                             aligned
   84 00000060                 END                          ; end of file
              400FE608 
              40025510 
              40025400 
              4002551C 
              400253FC 
Command Line: --debug --xref --cpu=Cortex-M4 --apcs=interwork --depend=.\main.d
 -o.\main.o -IC:\Keil\ARM\RV31\INC -IC:\Keil\ARM\CMSIS\Include -IC:\Keil\ARM\In
c\Luminary --predefine="__EVAL SETA 1" --list=.\main.lst main.s



ARM Macro Assembler    Page 1 Alphabetic symbol ordering
Relocatable symbols

.text 00000000

Symbol: .text
   Definitions
      At line 29 in file main.s
   Uses
      None
Comment: .text unused
Start 00000000

Symbol: Start
   Definitions
      At line 32 in file main.s
   Uses
      At line 31 in file main.s
Comment: Start used once
again 00000054

Symbol: again
   Definitions
      At line 74 in file main.s
   Uses
      At line 75 in file main.s
Comment: again used once
clear 00000044

Symbol: clear
   Definitions
      At line 68 in file main.s
   Uses
      At line 62 in file main.s
Comment: clear used once
delay 0000004C

Symbol: delay
   Definitions
      At line 72 in file main.s
   Uses
      At line 65 in file main.s
Comment: delay used once
loop 00000030

Symbol: loop
   Definitions
      At line 58 in file main.s
   Uses
      At line 80 in file main.s
Comment: loop used once
more 00000050

Symbol: more
   Definitions
      At line 73 in file main.s
   Uses
      At line 77 in file main.s
Comment: more used once
poll 00000030

Symbol: poll



ARM Macro Assembler    Page 2 Alphabetic symbol ordering
Relocatable symbols

   Definitions
      At line 59 in file main.s
   Uses
      At line 67 in file main.s
      At line 70 in file main.s

8 symbols



ARM Macro Assembler    Page 1 Alphabetic symbol ordering
Absolute symbols

GPIO_PORTF_AFSEL_R 40025420

Symbol: GPIO_PORTF_AFSEL_R
   Definitions
      At line 22 in file main.s
   Uses
      None
Comment: GPIO_PORTF_AFSEL_R unused
GPIO_PORTF_AMSEL_R 40025528

Symbol: GPIO_PORTF_AMSEL_R
   Definitions
      At line 25 in file main.s
   Uses
      None
Comment: GPIO_PORTF_AMSEL_R unused
GPIO_PORTF_DATA_R 400253FC

Symbol: GPIO_PORTF_DATA_R
   Definitions
      At line 20 in file main.s
   Uses
      At line 59 in file main.s
Comment: GPIO_PORTF_DATA_R used once
GPIO_PORTF_DEN_R 4002551C

Symbol: GPIO_PORTF_DEN_R
   Definitions
      At line 24 in file main.s
   Uses
      At line 51 in file main.s
Comment: GPIO_PORTF_DEN_R used once
GPIO_PORTF_DIR_R 40025400

Symbol: GPIO_PORTF_DIR_R
   Definitions
      At line 21 in file main.s
   Uses
      At line 45 in file main.s
Comment: GPIO_PORTF_DIR_R used once
GPIO_PORTF_PCTL_R 4002552C

Symbol: GPIO_PORTF_PCTL_R
   Definitions
      At line 26 in file main.s
   Uses
      None
Comment: GPIO_PORTF_PCTL_R unused
GPIO_PORTF_PUR_R 40025510

Symbol: GPIO_PORTF_PUR_R
   Definitions
      At line 23 in file main.s
   Uses
      At line 40 in file main.s
Comment: GPIO_PORTF_PUR_R used once
SYSCTL_RCGCGPIO_R 400FE608

Symbol: SYSCTL_RCGCGPIO_R



ARM Macro Assembler    Page 2 Alphabetic symbol ordering
Absolute symbols

   Definitions
      At line 27 in file main.s
   Uses
      At line 33 in file main.s
Comment: SYSCTL_RCGCGPIO_R used once
8 symbols
349 symbols in table
