


ARM Macro Assembler    Page 1 


    1 00000000         ; Print.s
    2 00000000         ; Student names: change this to your names or look very 
                       silly
    3 00000000         ; Last modification date: change this to the last modifi
                       cation date or look very silly
    4 00000000         ; Runs on LM4F120 or TM4C123
    5 00000000         ; EE319K lab 7 device driver for any LCD
    6 00000000         ;
    7 00000000         ; As part of Lab 7, students need to implement these LCD
                       _OutDec and LCD_OutFix
    8 00000000         ; This driver assumes two low-level LCD functions
    9 00000000         ; ST7735_OutChar   outputs a single 8-bit ASCII characte
                       r
   10 00000000         ; ST7735_OutString outputs a null-terminated string 
   11 00000000 FFFFFFFC 
                       Counter EQU              -4
   12 00000000 FFFFFFFC 
                       NumTen  EQU              -4
   13 00000000         
   14 00000000                 IMPORT           ST7735_OutChar
   15 00000000                 IMPORT           ST7735_OutString
   16 00000000                 EXPORT           LCD_OutDec
   17 00000000                 EXPORT           LCD_OutFix
   18 00000000                 PRESERVE8
   19 00000000         
   20 00000000                 AREA             |.text|, CODE, READONLY, ALIGN=
2
   21 00000000                 THUMB
   22 00000000         
   23 00000000         
   24 00000000         
   25 00000000         ;-----------------------LCD_OutDec----------------------
                       -
   26 00000000         ; Output a 32-bit number in unsigned decimal format
   27 00000000         ; Input: R0 (call by value) 32-bit unsigned number
   28 00000000         ; Output: none
   29 00000000         ; Invariables: This function must not permanently modify
                        registers R4 to R11
   30 00000000         LCD_OutDec
   31 00000000 F84D BD04       PUSH             {R11}
   32 00000004 46EB            MOV              R11, SP
   33 00000006 B081            ADD              SP,#Counter
   34 00000008         
   35 00000008         
   36 00000008         
   37 00000008 E92D 0FF0       PUSH             {R4-R11}
   38 0000000C 4606            MOV              R6, R0
   39 0000000E F04F 070A       MOV              R7, #10
   40 00000012         
   41 00000012         
   42 00000012 F04F 0A00       MOV              R10, #0     ;COUNTER 
   43 00000016 4631            MOV              R1, R6
   44 00000018 FBB1 F1F7 
                       loopOD1 UDIV             R1, R1, R7
   45 0000001C 2900            CMP              R1, #0
   46 0000001E F10A 0A01       ADD              R10, #1
   47 00000022 D1F9            BNE              loopOD1
   48 00000024 F84B AC04       STR              R10, [R11,#Counter]
   49 00000028 F1BA 0A01       SUBS             R10, #1



ARM Macro Assembler    Page 2 


   50 0000002C D109            BNE              loopOD4
   51 0000002E F100 0030       ADD              R0, #0x30   ;MAKING IT A CHARAC
                                                            TER
   52 00000032 B50E            PUSH             {LR,r1-r3}
   53 00000034 F7FF FFFE       BL               ST7735_OutChar
   54 00000038 E8BD 400E       POP              {LR,r1-r3}
   55 0000003C E8BD 0FF0       POP              {R4-R11}
   56 00000040 4770            BX               LR
   57 00000042 463A    loopOD4 MOV              R2, R7
   58 00000044 F1BA 0A01 
                       loopOD2 SUBS             R10, #1
   59 00000048 D002            BEQ              loopOD3
   60 0000004A FB02 F207       MUL              r2,r7
   61 0000004E E7F9            B                loopOD2
   62 00000050 FBB6 F4F2 
                       loopOD3 UDIV             R4, R6, R2
   63 00000054 FB04 F502       MUL              R5, R4, R2
   64 00000058 EBA6 0505       SUB              R5, R6, R5
   65 0000005C 4620            MOV              R0, R4
   66 0000005E F100 0030       ADD              R0, #0x30   ;MAKING IT A CHARAC
                                                            TER
   67 00000062 B50E            PUSH             {LR,r1-r3}
   68 00000064 F7FF FFFE       BL               ST7735_OutChar
   69 00000068 E8BD 400E       POP              {LR,r1-r3}
   70 0000006C 462E            MOV              R6, R5
   71 0000006E FBB2 F2F7       UDIV             R2, R7
   72 00000072 2A00            CMP              R2, #0
   73 00000074 D1EC            BNE              loopOD3
   74 00000076 E8BD 0FF0       POP              {R4-R11}
   75 0000007A         
   76 0000007A 46DD            MOV              SP,R11
   77 0000007C F85D BB04       POP              {R11}
   78 00000080         
   79 00000080         
   80 00000080 4770            BX               LR
   81 00000082         ;* * * * * * * * End of LCD_OutDec * * * * * * * *
   82 00000082         
   83 00000082         ; -----------------------LCD _OutFix--------------------
                       --
   84 00000082         ; Output characters to LCD display in fixed-point format
                       
   85 00000082         ; unsigned decimal, resolution 0.001, range 0.000 to 9.9
                       99
   86 00000082         ; Inputs:  R0 is an unsigned 32-bit number
   87 00000082         ; Outputs: none
   88 00000082         ; E.g., R0=0,    then output "0.000 "
   89 00000082         ;       R0=3,    then output "0.003 "
   90 00000082         ;       R0=89,   then output "0.089 "
   91 00000082         ;       R0=123,  then output "0.123 "
   92 00000082         ;       R0=9999, then output "9.999 "
   93 00000082         ;       R0>9999, then output "*.*** "
   94 00000082         ; Invariables: This function must not permanently modify
                        registers R4 to R11
   95 00000082         LCD_OutFix
   96 00000082 F84D BD04       PUSH             {R11}
   97 00000086 46EB            MOV              R11,SP
   98 00000088 B081            ADD              SP,#NumTen
   99 0000008A         
  100 0000008A E92D 0FF0       PUSH             {R4-R11}



ARM Macro Assembler    Page 3 


  101 0000008E F04F 070A       MOV              R7, #10
  102 00000092 F84B 7C04       STR              R7,[R11,#NumTen]
  103 00000096 F44F 797A       MOV              R9, #1000
  104 0000009A F04F 0864       MOV              R8, #100
  105 0000009E FBB0 F1F8       UDIV             R1, R0, R8
  106 000000A2 FBB1 F1F8       UDIV             R1, R1, R8
  107 000000A6 2900            CMP              R1, #0
  108 000000A8 D145            BNE              loopOF1
  109 000000AA 4604            MOV              R4, R0
  110 000000AC         
  111 000000AC FBB4 F2F9       UDIV             R2, R4, R9
  112 000000B0 FB02 FA09       MUL              R10, R2, R9
  113 000000B4 EBA4 0A0A       SUB              R10, R4, R10
  114 000000B8 4610            MOV              R0, R2
  115 000000BA F100 0030       ADD              R0, #0x30
  116 000000BE B500            PUSH             {LR}
  117 000000C0 F7FF FFFE       BL               ST7735_OutChar
  118 000000C4 F85D EB04       POP              {LR}
  119 000000C8 F04F 002E       MOV              R0, #0x2E
  120 000000CC B500            PUSH             {LR}
  121 000000CE F7FF FFFE       BL               ST7735_OutChar
  122 000000D2 F85D EB04       POP              {LR}
  123 000000D6         
  124 000000D6 FBB9 F9F7       UDIV             R9, R7
  125 000000DA 4654            MOV              R4, R10
  126 000000DC FBB4 F2F9       UDIV             R2, R4, R9
  127 000000E0 FB02 FA09       MUL              R10, R2, R9
  128 000000E4 EBA4 0A0A       SUB              R10, R4, R10
  129 000000E8 4610            MOV              R0, R2
  130 000000EA F100 0030       ADD              R0, #0x30
  131 000000EE B500            PUSH             {LR}
  132 000000F0 F7FF FFFE       BL               ST7735_OutChar
  133 000000F4 F85D EB04       POP              {LR}
  134 000000F8         
  135 000000F8 FBB9 F9F7       UDIV             R9, R7
  136 000000FC 4654            MOV              R4, R10
  137 000000FE FBB4 F2F9       UDIV             R2, R4, R9
  138 00000102 FB02 FA09       MUL              R10, R2, R9
  139 00000106 EBA4 0A0A       SUB              R10, R4, R10
  140 0000010A 4610            MOV              R0, R2
  141 0000010C F100 0030       ADD              R0, #0x30
  142 00000110 B500            PUSH             {LR}
  143 00000112 F7FF FFFE       BL               ST7735_OutChar
  144 00000116 F85D EB04       POP              {LR}
  145 0000011A         
  146 0000011A 4650            MOV              R0, R10
  147 0000011C F100 0030       ADD              R0, #0x30
  148 00000120 B500            PUSH             {LR}
  149 00000122 F7FF FFFE       BL               ST7735_OutChar
  150 00000126 F85D EB04       POP              {LR}
  151 0000012A E8BD 0FF0       POP              {R4-R11}
  152 0000012E         
  153 0000012E 46DD            MOV              SP,R11
  154 00000130 F85D BB04       POP              {R11}
  155 00000134 4770            BX               LR
  156 00000136         
  157 00000136         
  158 00000136         
  159 00000136         



ARM Macro Assembler    Page 4 


  160 00000136         
  161 00000136 F04F 002A 
                       loopOF1 MOV              R0, #0x2A
  162 0000013A B500            PUSH             {LR}
  163 0000013C F7FF FFFE       BL               ST7735_OutChar
  164 00000140 F85D EB04       POP              {LR}
  165 00000144 F04F 002E       MOV              R0, #0x2E
  166 00000148 B500            PUSH             {LR}
  167 0000014A F7FF FFFE       BL               ST7735_OutChar
  168 0000014E F85D EB04       POP              {LR}
  169 00000152 F04F 002A       MOV              R0, #0x2A
  170 00000156 B500            PUSH             {LR}
  171 00000158 F7FF FFFE       BL               ST7735_OutChar
  172 0000015C F85D EB04       POP              {LR}
  173 00000160 F04F 002A       MOV              R0, #0x2A
  174 00000164 B500            PUSH             {LR}
  175 00000166 F7FF FFFE       BL               ST7735_OutChar
  176 0000016A F85D EB04       POP              {LR}
  177 0000016E F04F 002A       MOV              R0, #0x2A
  178 00000172 B500            PUSH             {LR}
  179 00000174 F7FF FFFE       BL               ST7735_OutChar
  180 00000178 F85D EB04       POP              {LR}
  181 0000017C E8BD 0FF0       POP              {R4-R11}
  182 00000180         
  183 00000180 4770            BX               LR
  184 00000182         
  185 00000182 00 00           ALIGN
  186 00000184         ;* * * * * * * * End of LCD_OutFix * * * * * * * *
  187 00000184         
  188 00000184                 ALIGN                        ; make sure the end
                                                             of this section is
                                                             aligned
  189 00000184                 END                          ; end of file
Command Line: --debug --xref --cpu=Cortex-M4 --apcs=interwork --depend=.\print.
d -o.\print.o -IC:\Keil\ARM\RV31\INC -IC:\Keil\ARM\CMSIS\Include -IC:\Keil\ARM\
Inc\Luminary --list=.\print.lst Print.s



ARM Macro Assembler    Page 1 Alphabetic symbol ordering
Relocatable symbols

.text 00000000

Symbol: .text
   Definitions
      At line 20 in file Print.s
   Uses
      None
Comment: .text unused
LCD_OutDec 00000000

Symbol: LCD_OutDec
   Definitions
      At line 30 in file Print.s
   Uses
      At line 16 in file Print.s
Comment: LCD_OutDec used once
LCD_OutFix 00000082

Symbol: LCD_OutFix
   Definitions
      At line 95 in file Print.s
   Uses
      At line 17 in file Print.s
Comment: LCD_OutFix used once
loopOD1 00000018

Symbol: loopOD1
   Definitions
      At line 44 in file Print.s
   Uses
      At line 47 in file Print.s
Comment: loopOD1 used once
loopOD2 00000044

Symbol: loopOD2
   Definitions
      At line 58 in file Print.s
   Uses
      At line 61 in file Print.s
Comment: loopOD2 used once
loopOD3 00000050

Symbol: loopOD3
   Definitions
      At line 62 in file Print.s
   Uses
      At line 59 in file Print.s
      At line 73 in file Print.s

loopOD4 00000042

Symbol: loopOD4
   Definitions
      At line 57 in file Print.s
   Uses
      At line 50 in file Print.s
Comment: loopOD4 used once
loopOF1 00000136




ARM Macro Assembler    Page 2 Alphabetic symbol ordering
Relocatable symbols

Symbol: loopOF1
   Definitions
      At line 161 in file Print.s
   Uses
      At line 108 in file Print.s
Comment: loopOF1 used once
8 symbols



ARM Macro Assembler    Page 1 Alphabetic symbol ordering
Absolute symbols

Counter FFFFFFFC

Symbol: Counter
   Definitions
      At line 11 in file Print.s
   Uses
      At line 33 in file Print.s
      At line 48 in file Print.s

NumTen FFFFFFFC

Symbol: NumTen
   Definitions
      At line 12 in file Print.s
   Uses
      At line 98 in file Print.s
      At line 102 in file Print.s

2 symbols



ARM Macro Assembler    Page 1 Alphabetic symbol ordering
External symbols

ST7735_OutChar 00000000

Symbol: ST7735_OutChar
   Definitions
      At line 14 in file Print.s
   Uses
      At line 53 in file Print.s
      At line 68 in file Print.s
      At line 117 in file Print.s
      At line 121 in file Print.s
      At line 132 in file Print.s
      At line 143 in file Print.s
      At line 149 in file Print.s
      At line 163 in file Print.s
      At line 167 in file Print.s
      At line 171 in file Print.s
      At line 175 in file Print.s
      At line 179 in file Print.s

ST7735_OutString 00000000

Symbol: ST7735_OutString
   Definitions
      At line 15 in file Print.s
   Uses
      None
Comment: ST7735_OutString unused
2 symbols
342 symbols in table
