


ARM Macro Assembler    Page 1 


    1 00000000         ; LCD.s
    2 00000000         ; Student names: change this to your names or look very 
                       silly
    3 00000000         ; Last modification date: change this to the last modifi
                       cation date or look very silly
    4 00000000         
    5 00000000         ; Runs on LM4F120/TM4C123
    6 00000000         ; Use SSI0 to send an 8-bit code to the ST7735 160x128 p
                       ixel LCD.
    7 00000000         
    8 00000000         ; As part of Lab 7, students need to implement these LCD
                       _WriteCommand and LCD_WriteData
    9 00000000         ; This driver assumes two low-level LCD functions
   10 00000000         
   11 00000000         ; Backlight (pin 10) connected to +3.3 V
   12 00000000         ; MISO (pin 9) unconnected
   13 00000000         ; SCK (pin 8) connected to PA2 (SSI0Clk)
   14 00000000         ; MOSI (pin 7) connected to PA5 (SSI0Tx)
   15 00000000         ; TFT_CS (pin 6) connected to PA3 (SSI0Fss)
   16 00000000         ; CARD_CS (pin 5) unconnected
   17 00000000         ; Data/Command (pin 4) connected to PA6 (GPIO)
   18 00000000         ; RESET (pin 3) connected to PA7 (GPIO)
   19 00000000         ; VCC (pin 2) connected to +3.3 V
   20 00000000         ; Gnd (pin 1) connected to ground
   21 00000000         
   22 00000000 400043FC 
                       GPIO_PORTA_DATA_R
                               EQU              0x400043FC
   23 00000000 40008008 
                       SSI0_DR_R
                               EQU              0x40008008
   24 00000000 4000800C 
                       SSI0_SR_R
                               EQU              0x4000800C
   25 00000000 00000004 
                       SSI_SR_RNE
                               EQU              0x00000004  ; SSI Receive FIFO 
                                                            Not Empty
   26 00000000 00000010 
                       SSI_SR_BSY
                               EQU              0x00000010  ; SSI Busy Bit
   27 00000000 00000002 
                       SSI_SR_TNF
                               EQU              0x00000002  ; SSI Transmit FIFO
                                                             Not Full
   28 00000000         
   29 00000000                 EXPORT           writecommand
   30 00000000                 EXPORT           writedata
   31 00000000         
   32 00000000                 AREA             |.text|, CODE, READONLY, ALIGN=
2
   33 00000000                 THUMB
   34 00000000                 ALIGN
   35 00000000         
   36 00000000         ; The Data/Command pin must be valid when the eighth bit
                        is
   37 00000000         ; sent.  The SSI module has hardware input and output FI
                       FOs
   38 00000000         ; that are 8 locations deep.  Based on the observation t



ARM Macro Assembler    Page 2 


                       hat
   39 00000000         ; the LCD interface tends to send a few commands and the
                       n a
   40 00000000         ; lot of data, the FIFOs are not used when writing
   41 00000000         ; commands, and they are used when writing data.  This
   42 00000000         ; ensures that the Data/Command pin status matches the b
                       yte
   43 00000000         ; that is actually being transmitted.
   44 00000000         ; The write command operation waits until all data has b
                       een
   45 00000000         ; sent, configures the Data/Command pin for commands, se
                       nds
   46 00000000         ; the command, and then waits for the transmission to
   47 00000000         ; finish.
   48 00000000         ; The write data operation waits until there is room in 
                       the
   49 00000000         ; transmit FIFO, configures the Data/Command pin for dat
                       a,
   50 00000000         ; and then adds the data to the transmit FIFO.
   51 00000000         ; NOTE: These functions will crash or stall indefinitely
                        if
   52 00000000         ; the SSI0 module is not initialized and enabled.
   53 00000000         
   54 00000000         ; This is a helper function that sends an 8-bit command 
                       to the LCD.
   55 00000000         ; Input: R0  8-bit command to transmit
   56 00000000         ; Output: none
   57 00000000         ; Assumes: SSI0 and port A have already been initialized
                        and enabled
   58 00000000         writecommand
   59 00000000         ;1) Read SSI0_SR_R and check bit 4, 
   60 00000000         ;2) If bit 4 is high, loop back to step 1 (wait for BUSY
                        bit to be low)
   61 00000000         ;3) Clear D/C=PA6 to zero
   62 00000000         ;4) Write the command to SSI0_DR_R
   63 00000000         ;5) Read SSI0_SR_R and check bit 4, 
   64 00000000         ;6) If bit 4 is high, loop back to step 5 (wait for BUSY
                        bit to be low)
   65 00000000         
   66 00000000 E92D 47F0       PUSH             {R4-R10, LR}
   67 00000004         
   68 00000004 4915    First   LDR              R1, =SSI0_SR_R
   69 00000006 680A            LDR              R2, [R1]    ; Read SSIO_SR_R
   70 00000008 4613            MOV              R3, R2      ; R2 copied into R3
                                                            
   71 0000000A F003 0310       AND              R3, #0x10   ; Mask bit 4 
   72 0000000E 2B10            CMP              R3, #0x10
   73 00000010 D0F8            BEQ              First       ; If bit 4 is high 
                                                            loop back to step 1
                                                            
   74 00000012         
   75 00000012         
   76 00000012 4913            LDR              R1, =GPIO_PORTA_DATA_R 
                                                            ; Clear PA6 
   77 00000014 680A            LDR              R2, [R1]
   78 00000016 F022 0240       BIC              R2, #0x40   ; Clear PA6 
   79 0000001A 600A            STR              R2, [R1]    ; Update PA6
   80 0000001C         
   81 0000001C 4911            LDR              R1, =SSI0_DR_R



ARM Macro Assembler    Page 3 


   82 0000001E 6008            STR              R0, [R1]    ; Write the command
                                                             to SSIO_DR_R
   83 00000020         
   84 00000020 490E    Second  LDR              R1, =SSI0_SR_R
   85 00000022 680A            LDR              R2, [R1]    ; Read SSIO_SR_R
   86 00000024 4613            MOV              R3, R2      ; R2 copied into R3
                                                            
   87 00000026 F003 0310       AND              R3, #0x10   ; Mask bit 4 
   88 0000002A 2B10            CMP              R3, #0x10
   89 0000002C D0F8            BEQ              Second      ; If bit 4 is high 
                                                            loop back to step 5
                                                            
   90 0000002E         
   91 0000002E         
   92 0000002E E8BD 47F0       POP              {R4-R10, LR}
   93 00000032         
   94 00000032         
   95 00000032 4770            BX               LR          ;   return
   96 00000034         
   97 00000034         ; This is a helper function that sends an 8-bit data to 
                       the LCD.
   98 00000034         ; Input: R0  8-bit data to transmit
   99 00000034         ; Output: none
  100 00000034         ; Assumes: SSI0 and port A have already been initialized
                        and enabled
  101 00000034         writedata
  102 00000034         ;1) Read SSI0_SR_R and check bit 1, 
  103 00000034         ;2) If bit 1 is low loop back to step 1 (wait for TNF bi
                       t to be high)
  104 00000034         ;3) Set D/C=PA6 to one
  105 00000034         ;4) Write the 8-bit data to SSI0_DR_R
  106 00000034 E92D 47F0       PUSH             {R4-R10, LR}
  107 00000038 4908    First_2 LDR              R1, =SSI0_SR_R 
                                                            ; Read SSIO_SR_R 
  108 0000003A 680A            LDR              R2, [R1]
  109 0000003C 4613            MOV              R3, R2
  110 0000003E F003 0302       AND              R3, #0x02   ; Check BIT 1
  111 00000042 2B02            CMP              R3, #0x02
  112 00000044 D1F8            BNE              First_2     ; If bit 1 is low, 
                                                            loop back to step 1
                                                            
  113 00000046         
  114 00000046 4906            LDR              R1, =GPIO_PORTA_DATA_R
  115 00000048 680A            LDR              R2, [R1]
  116 0000004A F042 0240       ORR              R2, #0x40   ; Set PA6 to one
  117 0000004E 600A            STR              R2, [R1]    ; Update status of 
                                                            pin
  118 00000050         
  119 00000050 4904            LDR              R1, =SSI0_DR_R
  120 00000052 6008            STR              R0, [R1]    ; Write the 8-bit d
                                                            ata to SSIO_DR_R 
  121 00000054         
  122 00000054         
  123 00000054 E8BD 47F0       POP              {R4-R10, LR}
  124 00000058         
  125 00000058         
  126 00000058 4770            BX               LR          ;   return
  127 0000005A         
  128 0000005A         



ARM Macro Assembler    Page 4 


  129 0000005A         ;***************************************************
  130 0000005A         ; This is a library for the Adafruit 1.8" SPI display.
  131 0000005A         ; This library works with the Adafruit 1.8" TFT Breakout
                        w/SD card
  132 0000005A         ; ----> http://www.adafruit.com/products/358
  133 0000005A         ; as well as Adafruit raw 1.8" TFT display
  134 0000005A         ; ----> http://www.adafruit.com/products/618
  135 0000005A         ;
  136 0000005A         ; Check out the links above for our tutorials and wiring
                        diagrams
  137 0000005A         ; These displays use SPI to communicate, 4 or 5 pins are
                        required to
  138 0000005A         ; interface (RST is optional)
  139 0000005A         ; Adafruit invests time and resources providing this ope
                       n source code,
  140 0000005A         ; please support Adafruit and open-source hardware by pu
                       rchasing
  141 0000005A         ; products from Adafruit!
  142 0000005A         ;
  143 0000005A         ; Written by Limor Fried/Ladyada for Adafruit Industries
                       .
  144 0000005A         ; MIT license, all text above must be included in any re
                       distribution
  145 0000005A         ;****************************************************
  146 0000005A         
  147 0000005A 00 00           ALIGN                        ; make sure the end
                                                             of this section is
                                                             aligned
  148 0000005C                 END                          ; end of file
              4000800C 
              400043FC 
              40008008 
Command Line: --debug --xref --cpu=Cortex-M4 --apcs=interwork --depend=.\lcd.d 
-o.\lcd.o -IC:\Keil\ARM\RV31\INC -IC:\Keil\ARM\CMSIS\Include -IC:\Keil\ARM\Inc\
Luminary --list=.\lcd.lst LCD.s



ARM Macro Assembler    Page 1 Alphabetic symbol ordering
Relocatable symbols

.text 00000000

Symbol: .text
   Definitions
      At line 32 in file LCD.s
   Uses
      None
Comment: .text unused
First 00000004

Symbol: First
   Definitions
      At line 68 in file LCD.s
   Uses
      At line 73 in file LCD.s
Comment: First used once
First_2 00000038

Symbol: First_2
   Definitions
      At line 107 in file LCD.s
   Uses
      At line 112 in file LCD.s
Comment: First_2 used once
Second 00000020

Symbol: Second
   Definitions
      At line 84 in file LCD.s
   Uses
      At line 89 in file LCD.s
Comment: Second used once
writecommand 00000000

Symbol: writecommand
   Definitions
      At line 58 in file LCD.s
   Uses
      At line 29 in file LCD.s
Comment: writecommand used once
writedata 00000034

Symbol: writedata
   Definitions
      At line 101 in file LCD.s
   Uses
      At line 30 in file LCD.s
Comment: writedata used once
6 symbols



ARM Macro Assembler    Page 1 Alphabetic symbol ordering
Absolute symbols

GPIO_PORTA_DATA_R 400043FC

Symbol: GPIO_PORTA_DATA_R
   Definitions
      At line 22 in file LCD.s
   Uses
      At line 76 in file LCD.s
      At line 114 in file LCD.s

SSI0_DR_R 40008008

Symbol: SSI0_DR_R
   Definitions
      At line 23 in file LCD.s
   Uses
      At line 81 in file LCD.s
      At line 119 in file LCD.s

SSI0_SR_R 4000800C

Symbol: SSI0_SR_R
   Definitions
      At line 24 in file LCD.s
   Uses
      At line 68 in file LCD.s
      At line 84 in file LCD.s
      At line 107 in file LCD.s

SSI_SR_BSY 00000010

Symbol: SSI_SR_BSY
   Definitions
      At line 26 in file LCD.s
   Uses
      None
Comment: SSI_SR_BSY unused
SSI_SR_RNE 00000004

Symbol: SSI_SR_RNE
   Definitions
      At line 25 in file LCD.s
   Uses
      None
Comment: SSI_SR_RNE unused
SSI_SR_TNF 00000002

Symbol: SSI_SR_TNF
   Definitions
      At line 27 in file LCD.s
   Uses
      None
Comment: SSI_SR_TNF unused
6 symbols
344 symbols in table
